# lattice-best-path --lm-scale=11 --word-symbol-table=exp/tri1/graph/words.txt "ark:gunzip -c exp/tri1/decode/lat.*.gz|" ark,t:exp/tri1/decode/scoring/11.tra 
# Started at Fri Sep 14 13:49:35 KST 2018
#
lattice-best-path --lm-scale=11 --word-symbol-table=exp/tri1/graph/words.txt 'ark:gunzip -c exp/tri1/decode/lat.*.gz|' ark,t:exp/tri1/decode/scoring/11.tra 
LOG (lattice-best-path[5.5.33~1-6c9c0]:main():lattice-best-path.cc:99) For utterance sung_test_utteranceID_0_9_8, best cost 281.157 + 22488.5 = 22769.7 over 310 frames.
sung_test_utteranceID_0_9_8 zero nine eight 
LOG (lattice-best-path[5.5.33~1-6c9c0]:main():lattice-best-path.cc:99) For utterance sung_test_utteranceID_1_0_9, best cost 286.464 + 26987.6 = 27274 over 357 frames.
sung_test_utteranceID_1_0_9 one zero nine 
LOG (lattice-best-path[5.5.33~1-6c9c0]:main():lattice-best-path.cc:99) For utterance sung_test_utteranceID_2_1_0, best cost 341.593 + 21408.3 = 21749.9 over 292 frames.
sung_test_utteranceID_2_1_0 three one zero 
LOG (lattice-best-path[5.5.33~1-6c9c0]:main():lattice-best-path.cc:99) For utterance sung_test_utteranceID_3_2_1, best cost 253.692 + 24215.2 = 24468.9 over 328 frames.
sung_test_utteranceID_3_2_1 three three one 
LOG (lattice-best-path[5.5.33~1-6c9c0]:main():lattice-best-path.cc:99) For utterance sung_test_utteranceID_4_3_2, best cost 297.061 + 22610.8 = 22907.9 over 303 frames.
sung_test_utteranceID_4_3_2 four two 
LOG (lattice-best-path[5.5.33~1-6c9c0]:main():lattice-best-path.cc:99) For utterance sung_test_utteranceID_5_4_3, best cost 316.308 + 20551.8 = 20868.1 over 274 frames.
sung_test_utteranceID_5_4_3 four five four 
LOG (lattice-best-path[5.5.33~1-6c9c0]:main():lattice-best-path.cc:99) For utterance sung_test_utteranceID_6_5_4, best cost 361.007 + 25809.9 = 26170.9 over 340 frames.
sung_test_utteranceID_6_5_4 six four five four 
LOG (lattice-best-path[5.5.33~1-6c9c0]:main():lattice-best-path.cc:99) For utterance sung_test_utteranceID_7_6_5, best cost 345.942 + 23285.3 = 23631.2 over 300 frames.
sung_test_utteranceID_7_6_5 seven six four five 
LOG (lattice-best-path[5.5.33~1-6c9c0]:main():lattice-best-path.cc:99) For utterance sung_test_utteranceID_8_7_6, best cost 317.352 + 28199.4 = 28516.8 over 369 frames.
sung_test_utteranceID_8_7_6 eight seven six 
LOG (lattice-best-path[5.5.33~1-6c9c0]:main():lattice-best-path.cc:99) For utterance sung_test_utteranceID_9_8_7, best cost 276.087 + 23035.2 = 23311.3 over 295 frames.
sung_test_utteranceID_9_8_7 nine seven 
LOG (lattice-best-path[5.5.33~1-6c9c0]:main():lattice-best-path.cc:124) Overall cost per frame is 76.2843 = 0.971169 [graph] + 75.3131 [acoustic] over 3168 frames.
LOG (lattice-best-path[5.5.33~1-6c9c0]:main():lattice-best-path.cc:128) Done 10 lattices, failed for 0
# Accounting: time=0 threads=1
# Ended (code 0) at Fri Sep 14 13:49:35 KST 2018, elapsed time 0 seconds
