# lattice-best-path --lm-scale=7 --word-symbol-table=exp/mono/graph/words.txt "ark:gunzip -c exp/mono/decode/lat.*.gz|" ark,t:exp/mono/decode/scoring/7.tra 
# Started at Fri Sep 14 13:49:28 KST 2018
#
lattice-best-path --lm-scale=7 --word-symbol-table=exp/mono/graph/words.txt 'ark:gunzip -c exp/mono/decode/lat.*.gz|' ark,t:exp/mono/decode/scoring/7.tra 
LOG (lattice-best-path[5.5.33~1-6c9c0]:main():lattice-best-path.cc:99) For utterance sung_test_utteranceID_0_9_8, best cost 194.925 + 22577.6 = 22772.5 over 310 frames.
sung_test_utteranceID_0_9_8 zero nine eight 
LOG (lattice-best-path[5.5.33~1-6c9c0]:main():lattice-best-path.cc:99) For utterance sung_test_utteranceID_1_0_9, best cost 260.821 + 26930.3 = 27191.2 over 357 frames.
sung_test_utteranceID_1_0_9 one zero nine eight 
LOG (lattice-best-path[5.5.33~1-6c9c0]:main():lattice-best-path.cc:99) For utterance sung_test_utteranceID_2_1_0, best cost 207.232 + 21574.8 = 21782 over 292 frames.
sung_test_utteranceID_2_1_0 three one zero 
LOG (lattice-best-path[5.5.33~1-6c9c0]:main():lattice-best-path.cc:99) For utterance sung_test_utteranceID_3_2_1, best cost 201.691 + 24280.1 = 24481.8 over 328 frames.
sung_test_utteranceID_3_2_1 three two one 
LOG (lattice-best-path[5.5.33~1-6c9c0]:main():lattice-best-path.cc:99) For utterance sung_test_utteranceID_4_3_2, best cost 177.512 + 22722.3 = 22899.8 over 303 frames.
sung_test_utteranceID_4_3_2 four two 
LOG (lattice-best-path[5.5.33~1-6c9c0]:main():lattice-best-path.cc:99) For utterance sung_test_utteranceID_5_4_3, best cost 212.618 + 20624.3 = 20836.9 over 274 frames.
sung_test_utteranceID_5_4_3 four five four 
LOG (lattice-best-path[5.5.33~1-6c9c0]:main():lattice-best-path.cc:99) For utterance sung_test_utteranceID_6_5_4, best cost 272.916 + 25784.1 = 26057 over 340 frames.
sung_test_utteranceID_6_5_4 seven four five four 
LOG (lattice-best-path[5.5.33~1-6c9c0]:main():lattice-best-path.cc:99) For utterance sung_test_utteranceID_7_6_5, best cost 248.82 + 23303.2 = 23552 over 300 frames.
sung_test_utteranceID_7_6_5 seven seven four five 
LOG (lattice-best-path[5.5.33~1-6c9c0]:main():lattice-best-path.cc:99) For utterance sung_test_utteranceID_8_7_6, best cost 232.657 + 28054.7 = 28287.3 over 369 frames.
sung_test_utteranceID_8_7_6 eight seven six 
LOG (lattice-best-path[5.5.33~1-6c9c0]:main():lattice-best-path.cc:99) For utterance sung_test_utteranceID_9_8_7, best cost 158.42 + 23040 = 23198.4 over 295 frames.
sung_test_utteranceID_9_8_7 nine seven 
LOG (lattice-best-path[5.5.33~1-6c9c0]:main():lattice-best-path.cc:124) Overall cost per frame is 76.0918 = 0.684221 [graph] + 75.4076 [acoustic] over 3168 frames.
LOG (lattice-best-path[5.5.33~1-6c9c0]:main():lattice-best-path.cc:128) Done 10 lattices, failed for 0
# Accounting: time=0 threads=1
# Ended (code 0) at Fri Sep 14 13:49:28 KST 2018, elapsed time 0 seconds
