# lattice-best-path --lm-scale=10 --word-symbol-table=exp/mono/graph/words.txt "ark:gunzip -c exp/mono/decode/lat.*.gz|" ark,t:exp/mono/decode/scoring/10.tra 
# Started at Fri Sep 14 13:49:28 KST 2018
#
lattice-best-path --lm-scale=10 --word-symbol-table=exp/mono/graph/words.txt 'ark:gunzip -c exp/mono/decode/lat.*.gz|' ark,t:exp/mono/decode/scoring/10.tra 
LOG (lattice-best-path[5.5.33~1-6c9c0]:main():lattice-best-path.cc:99) For utterance sung_test_utteranceID_0_9_8, best cost 278.465 + 22577.6 = 22856 over 310 frames.
sung_test_utteranceID_0_9_8 zero nine eight 
LOG (lattice-best-path[5.5.33~1-6c9c0]:main():lattice-best-path.cc:99) For utterance sung_test_utteranceID_1_0_9, best cost 324.831 + 26976.7 = 27301.6 over 357 frames.
sung_test_utteranceID_1_0_9 one zero nine 
LOG (lattice-best-path[5.5.33~1-6c9c0]:main():lattice-best-path.cc:99) For utterance sung_test_utteranceID_2_1_0, best cost 296.046 + 21574.8 = 21870.8 over 292 frames.
sung_test_utteranceID_2_1_0 three one zero 
LOG (lattice-best-path[5.5.33~1-6c9c0]:main():lattice-best-path.cc:99) For utterance sung_test_utteranceID_3_2_1, best cost 288.13 + 24280.1 = 24568.2 over 328 frames.
sung_test_utteranceID_3_2_1 three two one 
LOG (lattice-best-path[5.5.33~1-6c9c0]:main():lattice-best-path.cc:99) For utterance sung_test_utteranceID_4_3_2, best cost 253.589 + 22722.3 = 22975.9 over 303 frames.
sung_test_utteranceID_4_3_2 four two 
LOG (lattice-best-path[5.5.33~1-6c9c0]:main():lattice-best-path.cc:99) For utterance sung_test_utteranceID_5_4_3, best cost 268.816 + 20652.3 = 20921.1 over 274 frames.
sung_test_utteranceID_5_4_3 five four 
LOG (lattice-best-path[5.5.33~1-6c9c0]:main():lattice-best-path.cc:99) For utterance sung_test_utteranceID_6_5_4, best cost 389.88 + 25784.1 = 26173.9 over 340 frames.
sung_test_utteranceID_6_5_4 seven four five four 
LOG (lattice-best-path[5.5.33~1-6c9c0]:main():lattice-best-path.cc:99) For utterance sung_test_utteranceID_7_6_5, best cost 355.457 + 23303.2 = 23658.6 over 300 frames.
sung_test_utteranceID_7_6_5 seven seven four five 
LOG (lattice-best-path[5.5.33~1-6c9c0]:main():lattice-best-path.cc:99) For utterance sung_test_utteranceID_8_7_6, best cost 332.368 + 28054.7 = 28387 over 369 frames.
sung_test_utteranceID_8_7_6 eight seven six 
LOG (lattice-best-path[5.5.33~1-6c9c0]:main():lattice-best-path.cc:99) For utterance sung_test_utteranceID_9_8_7, best cost 226.315 + 23040 = 23266.3 over 295 frames.
sung_test_utteranceID_9_8_7 nine seven 
LOG (lattice-best-path[5.5.33~1-6c9c0]:main():lattice-best-path.cc:124) Overall cost per frame is 76.3824 = 0.951356 [graph] + 75.4311 [acoustic] over 3168 frames.
LOG (lattice-best-path[5.5.33~1-6c9c0]:main():lattice-best-path.cc:128) Done 10 lattices, failed for 0
# Accounting: time=0 threads=1
# Ended (code 0) at Fri Sep 14 13:49:28 KST 2018, elapsed time 0 seconds
