# gunzip -c exp/tri1/decode/depth_stats_tmp.*.gz | steps/diagnostic/analyze_lattice_depth_stats.py exp/tri1/graph 
# Started at Fri Sep 14 13:49:35 KST 2018
#
The total amount of data analyzed assuming 100 frames per second is 0.0 hours
Overall, lattice depth (10,50,90-percentile)=(1,2,7) and mean=2.4
Phone sil accounts for 57.0% of frames, with lattice depth (10,50,90-percentile)=(1,2,7) and mean=2.4
Nonsilence phones as a group account for 43.0% of frames, with lattice depth (10,50,90-percentile)=(1,2,4) and mean=2.4
Phone r_I accounts for 4.8% of frames, with lattice depth (10,50,90-percentile)=(1,3,7) and mean=3.2
Phone f_B accounts for 4.0% of frames, with lattice depth (10,50,90-percentile)=(1,2,3) and mean=1.9
Phone r_E accounts for 3.0% of frames, with lattice depth (10,50,90-percentile)=(2,3,7) and mean=3.5
Phone ay_I accounts for 2.9% of frames, with lattice depth (10,50,90-percentile)=(1,1,1) and mean=1.0
Phone n_E accounts for 2.6% of frames, with lattice depth (10,50,90-percentile)=(1,1,3) and mean=1.7
Phone ih_I accounts for 2.4% of frames, with lattice depth (10,50,90-percentile)=(1,2,3) and mean=1.9
Phone ah_I accounts for 2.4% of frames, with lattice depth (10,50,90-percentile)=(1,2,4) and mean=2.2
Phone th_B accounts for 2.4% of frames, with lattice depth (10,50,90-percentile)=(1,2,7) and mean=3.1
Phone z_B accounts for 2.1% of frames, with lattice depth (10,50,90-percentile)=(1,1,3) and mean=1.8
Phone v_I accounts for 2.0% of frames, with lattice depth (10,50,90-percentile)=(1,1,4) and mean=2.0
Phone s_B accounts for 2.0% of frames, with lattice depth (10,50,90-percentile)=(1,2,3) and mean=2.1
Phone eh_I accounts for 1.7% of frames, with lattice depth (10,50,90-percentile)=(1,1,4) and mean=2.1
Phone k_I accounts for 1.6% of frames, with lattice depth (10,50,90-percentile)=(1,2,3) and mean=1.9
Phone ao_I accounts for 1.5% of frames, with lattice depth (10,50,90-percentile)=(2,2,3) and mean=2.4
Phone ey_B accounts for 1.4% of frames, with lattice depth (10,50,90-percentile)=(3,4,8) and mean=5.2
Phone iy_I accounts for 1.4% of frames, with lattice depth (10,50,90-percentile)=(1,1,3) and mean=1.8
Phone w_B accounts for 0.9% of frames, with lattice depth (10,50,90-percentile)=(1,2,2) and mean=1.5
Phone v_E accounts for 0.8% of frames, with lattice depth (10,50,90-percentile)=(1,1,3) and mean=1.6
Phone t_B accounts for 0.5% of frames, with lattice depth (10,50,90-percentile)=(7,7,7) and mean=7.0
# Accounting: time=0 threads=1
# Ended (code 0) at Fri Sep 14 13:49:35 KST 2018, elapsed time 0 seconds
