# gmm-latgen-faster --max-active=7000 --beam=13.0 --lattice-beam=6.0 --acoustic-scale=0.083333 --allow-partial=true --word-symbol-table=exp/tri1/graph/words.txt exp/tri1/final.mdl exp/tri1/graph/HCLG.fst "ark,s,cs:apply-cmvn  --utt2spk=ark:data/test/split1/1/utt2spk scp:data/test/split1/1/cmvn.scp scp:data/test/split1/1/feats.scp ark:- | add-deltas  ark:- ark:- |" "ark:|gzip -c > exp/tri1/decode/lat.1.gz" 
# Started at Fri Sep 14 13:49:34 KST 2018
#
gmm-latgen-faster --max-active=7000 --beam=13.0 --lattice-beam=6.0 --acoustic-scale=0.083333 --allow-partial=true --word-symbol-table=exp/tri1/graph/words.txt exp/tri1/final.mdl exp/tri1/graph/HCLG.fst 'ark,s,cs:apply-cmvn  --utt2spk=ark:data/test/split1/1/utt2spk scp:data/test/split1/1/cmvn.scp scp:data/test/split1/1/feats.scp ark:- | add-deltas  ark:- ark:- |' 'ark:|gzip -c > exp/tri1/decode/lat.1.gz' 
apply-cmvn --utt2spk=ark:data/test/split1/1/utt2spk scp:data/test/split1/1/cmvn.scp scp:data/test/split1/1/feats.scp ark:- 
add-deltas ark:- ark:- 
sung_test_utteranceID_0_9_8 zero nine eight 
LOG (gmm-latgen-faster[5.5.33~1-6c9c0]:DecodeUtteranceLatticeFaster():decoder-wrappers.cc:289) Log-like per frame for utterance sung_test_utteranceID_0_9_8 is -6.12773 over 310 frames.
sung_test_utteranceID_1_0_9 one zero nine 
LOG (gmm-latgen-faster[5.5.33~1-6c9c0]:DecodeUtteranceLatticeFaster():decoder-wrappers.cc:289) Log-like per frame for utterance sung_test_utteranceID_1_0_9 is -6.37254 over 357 frames.
sung_test_utteranceID_2_1_0 three one zero 
LOG (gmm-latgen-faster[5.5.33~1-6c9c0]:DecodeUtteranceLatticeFaster():decoder-wrappers.cc:289) Log-like per frame for utterance sung_test_utteranceID_2_1_0 is -6.21599 over 292 frames.
LOG (apply-cmvn[5.5.33~1-6c9c0]:main():apply-cmvn.cc:162) Applied cepstral mean normalization to 10 utterances, errors on 0
sung_test_utteranceID_3_2_1 three three one 
LOG (gmm-latgen-faster[5.5.33~1-6c9c0]:DecodeUtteranceLatticeFaster():decoder-wrappers.cc:289) Log-like per frame for utterance sung_test_utteranceID_3_2_1 is -6.22253 over 328 frames.
sung_test_utteranceID_4_3_2 four two 
LOG (gmm-latgen-faster[5.5.33~1-6c9c0]:DecodeUtteranceLatticeFaster():decoder-wrappers.cc:289) Log-like per frame for utterance sung_test_utteranceID_4_3_2 is -6.3077 over 303 frames.
sung_test_utteranceID_5_4_3 four five four 
LOG (gmm-latgen-faster[5.5.33~1-6c9c0]:DecodeUtteranceLatticeFaster():decoder-wrappers.cc:289) Log-like per frame for utterance sung_test_utteranceID_5_4_3 is -6.35546 over 274 frames.
sung_test_utteranceID_6_5_4 six four five four 
LOG (gmm-latgen-faster[5.5.33~1-6c9c0]:DecodeUtteranceLatticeFaster():decoder-wrappers.cc:289) Log-like per frame for utterance sung_test_utteranceID_6_5_4 is -6.42245 over 340 frames.
sung_test_utteranceID_7_6_5 seven six four five 
LOG (gmm-latgen-faster[5.5.33~1-6c9c0]:DecodeUtteranceLatticeFaster():decoder-wrappers.cc:289) Log-like per frame for utterance sung_test_utteranceID_7_6_5 is -6.57293 over 300 frames.
sung_test_utteranceID_8_7_6 eight seven six 
LOG (gmm-latgen-faster[5.5.33~1-6c9c0]:DecodeUtteranceLatticeFaster():decoder-wrappers.cc:289) Log-like per frame for utterance sung_test_utteranceID_8_7_6 is -6.44659 over 369 frames.
sung_test_utteranceID_9_8_7 nine seven 
LOG (gmm-latgen-faster[5.5.33~1-6c9c0]:DecodeUtteranceLatticeFaster():decoder-wrappers.cc:289) Log-like per frame for utterance sung_test_utteranceID_9_8_7 is -6.59218 over 295 frames.
LOG (gmm-latgen-faster[5.5.33~1-6c9c0]:main():gmm-latgen-faster.cc:176) Time taken 0.317569s: real-time factor assuming 100 frames/sec is 0.0100243
LOG (gmm-latgen-faster[5.5.33~1-6c9c0]:main():gmm-latgen-faster.cc:179) Done 10 utterances, failed for 0
LOG (gmm-latgen-faster[5.5.33~1-6c9c0]:main():gmm-latgen-faster.cc:181) Overall log-likelihood per frame is -6.36436 over 3168 frames.
# Accounting: time=0 threads=1
# Ended (code 0) at Fri Sep 14 13:49:34 KST 2018, elapsed time 0 seconds
