# compute-mfcc-feats --verbose=2 --config=conf/mfcc.conf scp,p:exp/make_mfcc/train/wav_train.1.scp ark:- | copy-feats --compress=true ark:- ark,scp:/home/sung/kaldi/egs/digits/mfcc/raw_mfcc_train.1.ark,/home/sung/kaldi/egs/digits/mfcc/raw_mfcc_train.1.scp 
# Started at Fri Sep 14 13:49:19 KST 2018
#
compute-mfcc-feats --verbose=2 --config=conf/mfcc.conf scp,p:exp/make_mfcc/train/wav_train.1.scp ark:- 
copy-feats --compress=true ark:- ark,scp:/home/sung/kaldi/egs/digits/mfcc/raw_mfcc_train.1.ark,/home/sung/kaldi/egs/digits/mfcc/raw_mfcc_train.1.scp 
VLOG[2] (compute-mfcc-feats[5.5.33~1-6c9c0]:main():compute-mfcc-feats.cc:173) Processed features for key sung_train_utteranceID_0_1_2
VLOG[2] (compute-mfcc-feats[5.5.33~1-6c9c0]:main():compute-mfcc-feats.cc:173) Processed features for key sung_train_utteranceID_1_2_3
VLOG[2] (compute-mfcc-feats[5.5.33~1-6c9c0]:main():compute-mfcc-feats.cc:173) Processed features for key sung_train_utteranceID_2_3_4
VLOG[2] (compute-mfcc-feats[5.5.33~1-6c9c0]:main():compute-mfcc-feats.cc:173) Processed features for key sung_train_utteranceID_3_4_5
VLOG[2] (compute-mfcc-feats[5.5.33~1-6c9c0]:main():compute-mfcc-feats.cc:173) Processed features for key sung_train_utteranceID_4_5_6
VLOG[2] (compute-mfcc-feats[5.5.33~1-6c9c0]:main():compute-mfcc-feats.cc:173) Processed features for key sung_train_utteranceID_5_6_7
VLOG[2] (compute-mfcc-feats[5.5.33~1-6c9c0]:main():compute-mfcc-feats.cc:173) Processed features for key sung_train_utteranceID_6_7_8
VLOG[2] (compute-mfcc-feats[5.5.33~1-6c9c0]:main():compute-mfcc-feats.cc:173) Processed features for key sung_train_utteranceID_7_8_9
VLOG[2] (compute-mfcc-feats[5.5.33~1-6c9c0]:main():compute-mfcc-feats.cc:173) Processed features for key sung_train_utteranceID_8_9_0
LOG (compute-mfcc-feats[5.5.33~1-6c9c0]:main():compute-mfcc-feats.cc:172) Processed 10 utterances
VLOG[2] (compute-mfcc-feats[5.5.33~1-6c9c0]:main():compute-mfcc-feats.cc:173) Processed features for key sung_train_utteranceID_9_0_1
LOG (compute-mfcc-feats[5.5.33~1-6c9c0]:main():compute-mfcc-feats.cc:176)  Done 10 out of 10 utterances.
LOG (copy-feats[5.5.33~1-6c9c0]:main():copy-feats.cc:143) Copied 10 feature matrices.
# Accounting: time=0 threads=1
# Ended (code 0) at Fri Sep 14 13:49:19 KST 2018, elapsed time 0 seconds
